<?xml version="1.0" encoding="UTF-8"?>
<testsuite name="MatchTest" tests="1" skipped="0" failures="0" errors="0" timestamp="2020-05-26T19:52:29" hostname="DESKTOP-7K8H6CK" time="0.002">
  <properties/>
  <testcase name="setHostName" classname="MatchTest" time="0.002"/>
  <system-out><![CDATA[]]></system-out>
  <system-err><![CDATA[]]></system-err>
</testsuite>
